{
	"C:\\Users\\Benedict\\OneDrive\\Documents\\AltSchool Project Showcase\\server\\index.ts": {
		"path": "C:\\Users\\Benedict\\OneDrive\\Documents\\AltSchool Project Showcase\\server\\index.ts",
		"statementMap": {
			"0": {
				"start": { "line": 1, "column": 0 },
				"end": { "line": 1, "column": 62 }
			},
			"1": {
				"start": { "line": 2, "column": 0 },
				"end": { "line": 2, "column": 28 }
			},
			"2": {
				"start": { "line": 3, "column": 0 },
				"end": { "line": 3, "column": 53 }
			},
			"3": {
				"start": { "line": 4, "column": 0 },
				"end": { "line": 4, "column": 50 }
			},
			"4": {
				"start": { "line": 5, "column": 0 },
				"end": { "line": 5, "column": 54 }
			},
			"5": {
				"start": { "line": 6, "column": 0 },
				"end": { "line": 6, "column": 54 }
			},
			"6": {
				"start": { "line": 7, "column": 0 },
				"end": { "line": 7, "column": 48 }
			},
			"7": {
				"start": { "line": 10, "column": 0 },
				"end": { "line": 10, "column": 28 }
			},
			"8": {
				"start": { "line": 11, "column": 13 },
				"end": { "line": 11, "column": 28 }
			},
			"9": {
				"start": { "line": 12, "column": 17 },
				"end": { "line": 12, "column": 36 }
			},
			"10": {
				"start": { "line": 13, "column": 21 },
				"end": { "line": 13, "column": 45 }
			},
			"11": {
				"start": { "line": 14, "column": 16 },
				"end": { "line": 14, "column": 42 }
			},
			"12": {
				"start": { "line": 15, "column": 18 },
				"end": { "line": 15, "column": 55 }
			},
			"13": {
				"start": { "line": 17, "column": 0 },
				"end": { "line": 17, "column": 16 }
			},
			"14": {
				"start": { "line": 19, "column": 16 },
				"end": { "line": 62, "column": 1 }
			},
			"15": {
				"start": { "line": 22, "column": 22 },
				"end": { "line": 22, "column": 31 }
			},
			"16": {
				"start": { "line": 23, "column": 1 },
				"end": { "line": 33, "column": 3 }
			},
			"17": {
				"start": { "line": 35, "column": 1 },
				"end": { "line": 35, "column": 28 }
			},
			"18": {
				"start": { "line": 36, "column": 1 },
				"end": { "line": 41, "column": 3 }
			},
			"19": {
				"start": { "line": 42, "column": 1 },
				"end": { "line": 42, "column": 25 }
			},
			"20": {
				"start": { "line": 43, "column": 1 },
				"end": { "line": 43, "column": 50 }
			},
			"21": {
				"start": { "line": 44, "column": 1 },
				"end": { "line": 44, "column": 25 }
			},
			"22": {
				"start": { "line": 46, "column": 1 },
				"end": { "line": 46, "column": 47 }
			},
			"23": {
				"start": { "line": 47, "column": 1 },
				"end": { "line": 47, "column": 47 }
			},
			"24": {
				"start": { "line": 48, "column": 1 },
				"end": { "line": 48, "column": 44 }
			},
			"25": {
				"start": { "line": 51, "column": 1 },
				"end": { "line": 51, "column": 32 }
			},
			"26": {
				"start": { "line": 52, "column": 1 },
				"end": { "line": 52, "column": 29 }
			},
			"27": {
				"start": { "line": 54, "column": 1 },
				"end": { "line": 54, "column": 39 }
			},
			"28": {
				"start": { "line": 55, "column": 1 },
				"end": { "line": 55, "column": 39 }
			},
			"29": {
				"start": { "line": 56, "column": 1 },
				"end": { "line": 56, "column": 33 }
			},
			"30": {
				"start": { "line": 58, "column": 1 },
				"end": { "line": 58, "column": 26 }
			},
			"31": {
				"start": { "line": 60, "column": 1 },
				"end": { "line": 60, "column": 23 }
			},
			"32": {
				"start": { "line": 61, "column": 1 },
				"end": { "line": 61, "column": 12 }
			},
			"33": {
				"start": { "line": 64, "column": 0 },
				"end": { "line": 64, "column": 23 }
			}
		},
		"fnMap": {
			"0": {
				"name": "(anonymous_1)",
				"decl": {
					"start": { "line": 19, "column": 16 },
					"end": { "line": 19, "column": null }
				},
				"loc": {
					"start": { "line": 21, "column": 4 },
					"end": { "line": 62, "column": 1 }
				}
			}
		},
		"branchMap": {},
		"s": {
			"0": 1,
			"1": 1,
			"2": 1,
			"3": 1,
			"4": 1,
			"5": 1,
			"6": 1,
			"7": 1,
			"8": 1,
			"9": 1,
			"10": 1,
			"11": 1,
			"12": 1,
			"13": 1,
			"14": 1,
			"15": 1,
			"16": 1,
			"17": 1,
			"18": 1,
			"19": 1,
			"20": 1,
			"21": 1,
			"22": 1,
			"23": 1,
			"24": 1,
			"25": 1,
			"26": 1,
			"27": 1,
			"28": 1,
			"29": 1,
			"30": 1,
			"31": 1,
			"32": 1,
			"33": 1
		},
		"f": { "0": 1 },
		"b": {}
	},
	"C:\\Users\\Benedict\\OneDrive\\Documents\\AltSchool Project Showcase\\server\\controllers\\Auth\\github-passport.ts": {
		"path": "C:\\Users\\Benedict\\OneDrive\\Documents\\AltSchool Project Showcase\\server\\controllers\\Auth\\github-passport.ts",
		"statementMap": {
			"0": {
				"start": { "line": 2, "column": 0 },
				"end": { "line": 2, "column": 36 }
			},
			"1": {
				"start": { "line": 4, "column": 17 },
				"end": { "line": 4, "column": 36 }
			},
			"2": {
				"start": { "line": 5, "column": 23 },
				"end": { "line": 5, "column": 59 }
			},
			"3": {
				"start": { "line": 8, "column": 0 },
				"end": { "line": 10, "column": 3 }
			},
			"4": {
				"start": { "line": 9, "column": 1 },
				"end": { "line": 9, "column": 21 }
			},
			"5": {
				"start": { "line": 13, "column": 0 },
				"end": { "line": 27, "column": 3 }
			},
			"6": {
				"start": { "line": 13, "column": 62 },
				"end": { "line": 27, "column": 2 }
			},
			"7": {
				"start": { "line": 14, "column": 1 },
				"end": { "line": 26, "column": null }
			},
			"8": {
				"start": { "line": 15, "column": 15 },
				"end": { "line": 17, "column": 4 }
			},
			"9": {
				"start": { "line": 18, "column": 2 },
				"end": { "line": 20, "column": null }
			},
			"10": {
				"start": { "line": 19, "column": 3 },
				"end": { "line": 19, "column": 28 }
			},
			"11": {
				"start": { "line": 22, "column": 2 },
				"end": { "line": 22, "column": 19 }
			},
			"12": {
				"start": { "line": 24, "column": 2 },
				"end": { "line": 24, "column": 21 }
			},
			"13": {
				"start": { "line": 25, "column": 2 },
				"end": { "line": 25, "column": 14 }
			},
			"14": {
				"start": { "line": 29, "column": 0 },
				"end": { "line": 84, "column": 2 }
			},
			"15": {
				"start": { "line": 43, "column": 21 },
				"end": { "line": 43, "column": 38 }
			},
			"16": {
				"start": { "line": 44, "column": 3 },
				"end": { "line": 44, "column": 26 }
			},
			"17": {
				"start": { "line": 45, "column": 3 },
				"end": { "line": 47, "column": null }
			},
			"18": {
				"start": { "line": 46, "column": 4 },
				"end": { "line": 46, "column": 60 }
			},
			"19": {
				"start": { "line": 50, "column": 14 },
				"end": { "line": 54, "column": 5 }
			},
			"20": {
				"start": { "line": 56, "column": 3 },
				"end": { "line": 80, "column": null }
			},
			"21": {
				"start": { "line": 57, "column": 4 },
				"end": { "line": 57, "column": 58 }
			},
			"22": {
				"start": { "line": 58, "column": 4 },
				"end": { "line": 67, "column": 7 }
			},
			"23": {
				"start": { "line": 69, "column": 4 },
				"end": { "line": 69, "column": 53 }
			},
			"24": {
				"start": { "line": 70, "column": 4 },
				"end": { "line": 79, "column": 7 }
			},
			"25": {
				"start": { "line": 81, "column": 3 },
				"end": { "line": 81, "column": 27 }
			}
		},
		"fnMap": {
			"0": {
				"name": "(anonymous_8)",
				"decl": {
					"start": { "line": 8, "column": 23 },
					"end": { "line": 8, "column": 33 }
				},
				"loc": {
					"start": { "line": 8, "column": 59 },
					"end": { "line": 10, "column": 1 }
				}
			},
			"1": {
				"name": "(anonymous_9)",
				"decl": {
					"start": { "line": 13, "column": 25 },
					"end": { "line": 13, "column": 32 }
				},
				"loc": {
					"start": { "line": 13, "column": 62 },
					"end": { "line": 27, "column": 2 }
				}
			},
			"2": {
				"name": "(anonymous_10)",
				"decl": {
					"start": { "line": 13, "column": 62 },
					"end": { "line": 13, "column": null }
				},
				"loc": {
					"start": { "line": 13, "column": 62 },
					"end": { "line": 27, "column": 1 }
				}
			},
			"3": {
				"name": "(anonymous_11)",
				"decl": {
					"start": { "line": 37, "column": 2 },
					"end": { "line": 37, "column": null }
				},
				"loc": {
					"start": { "line": 41, "column": 17 },
					"end": { "line": 82, "column": null }
				}
			}
		},
		"branchMap": {
			"0": {
				"loc": {
					"start": { "line": 18, "column": 2 },
					"end": { "line": 20, "column": null }
				},
				"type": "if",
				"locations": [
					{
						"start": { "line": 18, "column": 2 },
						"end": { "line": 20, "column": null }
					}
				]
			},
			"1": {
				"loc": {
					"start": { "line": 45, "column": 3 },
					"end": { "line": 47, "column": null }
				},
				"type": "if",
				"locations": [
					{
						"start": { "line": 45, "column": 3 },
						"end": { "line": 47, "column": null }
					}
				]
			},
			"2": {
				"loc": {
					"start": { "line": 56, "column": 3 },
					"end": { "line": 80, "column": null }
				},
				"type": "if",
				"locations": [
					{
						"start": { "line": 56, "column": 3 },
						"end": { "line": 80, "column": null }
					},
					{
						"start": { "line": 68, "column": 10 },
						"end": { "line": 80, "column": null }
					}
				]
			},
			"3": {
				"loc": {
					"start": { "line": 73, "column": 18 },
					"end": { "line": 73, "column": 57 }
				},
				"type": "binary-expr",
				"locations": [
					{
						"start": { "line": 73, "column": 18 },
						"end": { "line": 73, "column": 37 }
					},
					{
						"start": { "line": 73, "column": 41 },
						"end": { "line": 73, "column": 57 }
					}
				]
			}
		},
		"s": {
			"0": 1,
			"1": 1,
			"2": 1,
			"3": 1,
			"4": 0,
			"5": 1,
			"6": 0,
			"7": 0,
			"8": 0,
			"9": 0,
			"10": 0,
			"11": 0,
			"12": 0,
			"13": 0,
			"14": 1,
			"15": 0,
			"16": 0,
			"17": 0,
			"18": 0,
			"19": 0,
			"20": 0,
			"21": 0,
			"22": 0,
			"23": 0,
			"24": 0,
			"25": 0
		},
		"f": { "0": 0, "1": 0, "2": 0, "3": 0 },
		"b": { "0": [0], "1": [0], "2": [0, 0], "3": [0, 0] }
	},
	"C:\\Users\\Benedict\\OneDrive\\Documents\\AltSchool Project Showcase\\server\\controllers\\Auth\\google-passport.ts": {
		"path": "C:\\Users\\Benedict\\OneDrive\\Documents\\AltSchool Project Showcase\\server\\controllers\\Auth\\google-passport.ts",
		"statementMap": {
			"0": {
				"start": { "line": 1, "column": 0 },
				"end": { "line": 1, "column": 36 }
			},
			"1": {
				"start": { "line": 3, "column": 17 },
				"end": { "line": 3, "column": 36 }
			},
			"2": {
				"start": { "line": 4, "column": 23 },
				"end": { "line": 4, "column": 66 }
			},
			"3": {
				"start": { "line": 6, "column": 0 },
				"end": { "line": 8, "column": 3 }
			},
			"4": {
				"start": { "line": 7, "column": 1 },
				"end": { "line": 7, "column": 21 }
			},
			"5": {
				"start": { "line": 11, "column": 0 },
				"end": { "line": 26, "column": 3 }
			},
			"6": {
				"start": { "line": 11, "column": 62 },
				"end": { "line": 26, "column": 2 }
			},
			"7": {
				"start": { "line": 12, "column": 1 },
				"end": { "line": 25, "column": null }
			},
			"8": {
				"start": { "line": 13, "column": 15 },
				"end": { "line": 15, "column": 4 }
			},
			"9": {
				"start": { "line": 17, "column": 2 },
				"end": { "line": 19, "column": null }
			},
			"10": {
				"start": { "line": 18, "column": 3 },
				"end": { "line": 18, "column": 28 }
			},
			"11": {
				"start": { "line": 22, "column": 2 },
				"end": { "line": 22, "column": 19 }
			},
			"12": {
				"start": { "line": 24, "column": 2 },
				"end": { "line": 24, "column": 14 }
			},
			"13": {
				"start": { "line": 28, "column": 0 },
				"end": { "line": 85, "column": 2 }
			},
			"14": {
				"start": { "line": 40, "column": 6 },
				"end": { "line": 83, "column": null }
			},
			"15": {
				"start": { "line": 43, "column": 21 },
				"end": { "line": 43, "column": 31 }
			},
			"16": {
				"start": { "line": 44, "column": 17 },
				"end": { "line": 44, "column": 40 }
			},
			"17": {
				"start": { "line": 47, "column": 24 },
				"end": { "line": 51, "column": 5 }
			},
			"18": {
				"start": { "line": 53, "column": 3 },
				"end": { "line": 65, "column": null }
			},
			"19": {
				"start": { "line": 54, "column": 4 },
				"end": { "line": 54, "column": 61 }
			},
			"20": {
				"start": { "line": 55, "column": 17 },
				"end": { "line": 62, "column": 6 }
			},
			"21": {
				"start": { "line": 64, "column": 4 },
				"end": { "line": 64, "column": 28 }
			},
			"22": {
				"start": { "line": 68, "column": 3 },
				"end": { "line": 68, "column": 52 }
			},
			"23": {
				"start": { "line": 69, "column": 19 },
				"end": { "line": 79, "column": 5 }
			},
			"24": {
				"start": { "line": 82, "column": 3 },
				"end": { "line": 82, "column": 30 }
			}
		},
		"fnMap": {
			"0": {
				"name": "(anonymous_8)",
				"decl": {
					"start": { "line": 6, "column": 23 },
					"end": { "line": 6, "column": 33 }
				},
				"loc": {
					"start": { "line": 6, "column": 59 },
					"end": { "line": 8, "column": 1 }
				}
			},
			"1": {
				"name": "(anonymous_9)",
				"decl": {
					"start": { "line": 11, "column": 25 },
					"end": { "line": 11, "column": 32 }
				},
				"loc": {
					"start": { "line": 11, "column": 62 },
					"end": { "line": 26, "column": 2 }
				}
			},
			"2": {
				"name": "(anonymous_10)",
				"decl": {
					"start": { "line": 11, "column": 62 },
					"end": { "line": 11, "column": null }
				},
				"loc": {
					"start": { "line": 11, "column": 62 },
					"end": { "line": 26, "column": 1 }
				}
			},
			"3": {
				"name": "(anonymous_11)",
				"decl": {
					"start": { "line": 35, "column": 2 },
					"end": { "line": 35, "column": null }
				},
				"loc": {
					"start": { "line": 40, "column": 6 },
					"end": { "line": 83, "column": null }
				}
			},
			"4": {
				"name": "(anonymous_12)",
				"decl": {
					"start": { "line": 40, "column": 6 },
					"end": { "line": 40, "column": null }
				},
				"loc": {
					"start": { "line": 40, "column": 6 },
					"end": { "line": 83, "column": 3 }
				}
			}
		},
		"branchMap": {
			"0": {
				"loc": {
					"start": { "line": 17, "column": 2 },
					"end": { "line": 19, "column": null }
				},
				"type": "if",
				"locations": [
					{
						"start": { "line": 17, "column": 2 },
						"end": { "line": 19, "column": null }
					}
				]
			},
			"1": {
				"loc": {
					"start": { "line": 53, "column": 3 },
					"end": { "line": 65, "column": null }
				},
				"type": "if",
				"locations": [
					{
						"start": { "line": 53, "column": 3 },
						"end": { "line": 65, "column": null }
					}
				]
			}
		},
		"s": {
			"0": 1,
			"1": 1,
			"2": 1,
			"3": 1,
			"4": 0,
			"5": 1,
			"6": 0,
			"7": 0,
			"8": 0,
			"9": 0,
			"10": 0,
			"11": 0,
			"12": 0,
			"13": 1,
			"14": 0,
			"15": 0,
			"16": 0,
			"17": 0,
			"18": 0,
			"19": 0,
			"20": 0,
			"21": 0,
			"22": 0,
			"23": 0,
			"24": 0
		},
		"f": { "0": 0, "1": 0, "2": 0, "3": 0, "4": 0 },
		"b": { "0": [0], "1": [0] }
	},
	"C:\\Users\\Benedict\\OneDrive\\Documents\\AltSchool Project Showcase\\server\\controllers\\Auth\\jwt-controller.ts": {
		"path": "C:\\Users\\Benedict\\OneDrive\\Documents\\AltSchool Project Showcase\\server\\controllers\\Auth\\jwt-controller.ts",
		"statementMap": {
			"0": {
				"start": { "line": 1, "column": 0 },
				"end": { "line": 1, "column": 48 }
			},
			"1": {
				"start": { "line": 2, "column": 0 },
				"end": { "line": 2, "column": 55 }
			},
			"2": {
				"start": { "line": 5, "column": 0 },
				"end": { "line": 5, "column": 36 }
			},
			"3": {
				"start": { "line": 6, "column": 0 },
				"end": { "line": 6, "column": 40 }
			},
			"4": {
				"start": { "line": 7, "column": 0 },
				"end": { "line": 7, "column": 44 }
			},
			"5": {
				"start": { "line": 8, "column": 0 },
				"end": { "line": 8, "column": 63 }
			},
			"6": {
				"start": { "line": 10, "column": 14 },
				"end": { "line": 10, "column": 31 }
			},
			"7": {
				"start": { "line": 11, "column": 12 },
				"end": { "line": 11, "column": 35 }
			},
			"8": {
				"start": { "line": 13, "column": 24 },
				"end": { "line": 62, "column": 2 }
			},
			"9": {
				"start": { "line": 13, "column": 58 },
				"end": { "line": 62, "column": 2 }
			},
			"10": {
				"start": { "line": 14, "column": 29 },
				"end": { "line": 14, "column": 37 }
			},
			"11": {
				"start": { "line": 16, "column": 1 },
				"end": { "line": 21, "column": null }
			},
			"12": {
				"start": { "line": 17, "column": 2 },
				"end": { "line": 20, "column": 4 }
			},
			"13": {
				"start": { "line": 22, "column": 14 },
				"end": { "line": 22, "column": 50 }
			},
			"14": {
				"start": { "line": 23, "column": 14 },
				"end": { "line": 25, "column": 3 }
			},
			"15": {
				"start": { "line": 27, "column": 1 },
				"end": { "line": 29, "column": null }
			},
			"16": {
				"start": { "line": 28, "column": 2 },
				"end": { "line": 28, "column": 68 }
			},
			"17": {
				"start": { "line": 31, "column": 1 },
				"end": { "line": 35, "column": 4 }
			},
			"18": {
				"start": { "line": 32, "column": 2 },
				"end": { "line": 35, "column": 4 }
			},
			"19": {
				"start": { "line": 37, "column": 23 },
				"end": { "line": 37, "column": 64 }
			},
			"20": {
				"start": { "line": 38, "column": 1 },
				"end": { "line": 38, "column": 30 }
			},
			"21": {
				"start": { "line": 42, "column": 1 },
				"end": { "line": 61, "column": null }
			},
			"22": {
				"start": { "line": 43, "column": 16 },
				"end": { "line": 43, "column": 59 }
			},
			"23": {
				"start": { "line": 44, "column": 2 },
				"end": { "line": 44, "column": 33 }
			},
			"24": {
				"start": { "line": 45, "column": 2 },
				"end": { "line": 55, "column": 6 }
			},
			"25": {
				"start": { "line": 57, "column": 2 },
				"end": { "line": 60, "column": 4 }
			},
			"26": {
				"start": { "line": 13, "column": 13 },
				"end": { "line": 13, "column": 24 }
			},
			"27": {
				"start": { "line": 64, "column": 27 },
				"end": { "line": 113, "column": 2 }
			},
			"28": {
				"start": { "line": 64, "column": 61 },
				"end": { "line": 113, "column": 2 }
			},
			"29": {
				"start": { "line": 65, "column": 52 },
				"end": { "line": 65, "column": 60 }
			},
			"30": {
				"start": { "line": 66, "column": 1 },
				"end": { "line": 71, "column": null }
			},
			"31": {
				"start": { "line": 67, "column": 2 },
				"end": { "line": 70, "column": 4 }
			},
			"32": {
				"start": { "line": 73, "column": 1 },
				"end": { "line": 112, "column": null }
			},
			"33": {
				"start": { "line": 74, "column": 25 },
				"end": { "line": 74, "column": 45 }
			},
			"34": {
				"start": { "line": 75, "column": 2 },
				"end": { "line": 75, "column": 30 }
			},
			"35": {
				"start": { "line": 77, "column": 15 },
				"end": { "line": 84, "column": 4 }
			},
			"36": {
				"start": { "line": 86, "column": 16 },
				"end": { "line": 86, "column": 53 }
			},
			"37": {
				"start": { "line": 88, "column": 2 },
				"end": { "line": 99, "column": 6 }
			},
			"38": {
				"start": { "line": 101, "column": 2 },
				"end": { "line": 111, "column": null }
			},
			"39": {
				"start": { "line": 103, "column": 3 },
				"end": { "line": 108, "column": null }
			},
			"40": {
				"start": { "line": 104, "column": 4 },
				"end": { "line": 107, "column": 6 }
			},
			"41": {
				"start": { "line": 110, "column": 3 },
				"end": { "line": 110, "column": 71 }
			},
			"42": {
				"start": { "line": 64, "column": 13 },
				"end": { "line": 64, "column": 27 }
			}
		},
		"fnMap": {
			"0": {
				"name": "(anonymous_8)",
				"decl": {
					"start": { "line": 13, "column": 24 },
					"end": { "line": 13, "column": 31 }
				},
				"loc": {
					"start": { "line": 13, "column": 58 },
					"end": { "line": 62, "column": 2 }
				}
			},
			"1": {
				"name": "(anonymous_9)",
				"decl": {
					"start": { "line": 13, "column": 58 },
					"end": { "line": 13, "column": null }
				},
				"loc": {
					"start": { "line": 13, "column": 58 },
					"end": { "line": 62, "column": 1 }
				}
			},
			"2": {
				"name": "(anonymous_10)",
				"decl": {
					"start": { "line": 64, "column": 27 },
					"end": { "line": 64, "column": 34 }
				},
				"loc": {
					"start": { "line": 64, "column": 61 },
					"end": { "line": 113, "column": 2 }
				}
			},
			"3": {
				"name": "(anonymous_11)",
				"decl": {
					"start": { "line": 64, "column": 61 },
					"end": { "line": 64, "column": null }
				},
				"loc": {
					"start": { "line": 64, "column": 61 },
					"end": { "line": 113, "column": 1 }
				}
			}
		},
		"branchMap": {
			"0": {
				"loc": {
					"start": { "line": 16, "column": 1 },
					"end": { "line": 21, "column": null }
				},
				"type": "if",
				"locations": [
					{
						"start": { "line": 16, "column": 1 },
						"end": { "line": 21, "column": null }
					}
				]
			},
			"1": {
				"loc": {
					"start": { "line": 16, "column": 5 },
					"end": { "line": 16, "column": 24 }
				},
				"type": "binary-expr",
				"locations": [
					{
						"start": { "line": 16, "column": 5 },
						"end": { "line": 16, "column": 11 }
					},
					{
						"start": { "line": 16, "column": 15 },
						"end": { "line": 16, "column": 24 }
					}
				]
			},
			"2": {
				"loc": {
					"start": { "line": 27, "column": 1 },
					"end": { "line": 29, "column": null }
				},
				"type": "if",
				"locations": [
					{
						"start": { "line": 27, "column": 1 },
						"end": { "line": 29, "column": null }
					}
				]
			},
			"3": {
				"loc": {
					"start": { "line": 31, "column": 1 },
					"end": { "line": 35, "column": 4 }
				},
				"type": "if",
				"locations": [
					{
						"start": { "line": 31, "column": 1 },
						"end": { "line": 35, "column": 4 }
					}
				]
			},
			"4": {
				"loc": {
					"start": { "line": 42, "column": 1 },
					"end": { "line": 61, "column": null }
				},
				"type": "if",
				"locations": [
					{
						"start": { "line": 42, "column": 1 },
						"end": { "line": 61, "column": null }
					},
					{
						"start": { "line": 56, "column": 8 },
						"end": { "line": 61, "column": null }
					}
				]
			},
			"5": {
				"loc": {
					"start": { "line": 66, "column": 1 },
					"end": { "line": 71, "column": null }
				},
				"type": "if",
				"locations": [
					{
						"start": { "line": 66, "column": 1 },
						"end": { "line": 71, "column": null }
					}
				]
			},
			"6": {
				"loc": {
					"start": { "line": 66, "column": 5 },
					"end": { "line": 66, "column": 53 }
				},
				"type": "binary-expr",
				"locations": [
					{
						"start": { "line": 66, "column": 5 },
						"end": { "line": 66, "column": 11 }
					},
					{
						"start": { "line": 66, "column": 15 },
						"end": { "line": 66, "column": 24 }
					},
					{
						"start": { "line": 66, "column": 28 },
						"end": { "line": 66, "column": 39 }
					},
					{
						"start": { "line": 66, "column": 43 },
						"end": { "line": 66, "column": 53 }
					}
				]
			},
			"7": {
				"loc": {
					"start": { "line": 101, "column": 2 },
					"end": { "line": 111, "column": null }
				},
				"type": "if",
				"locations": [
					{
						"start": { "line": 101, "column": 2 },
						"end": { "line": 111, "column": null }
					},
					{
						"start": { "line": 109, "column": 9 },
						"end": { "line": 111, "column": null }
					}
				]
			},
			"8": {
				"loc": {
					"start": { "line": 103, "column": 3 },
					"end": { "line": 108, "column": null }
				},
				"type": "if",
				"locations": [
					{
						"start": { "line": 103, "column": 3 },
						"end": { "line": 108, "column": null }
					}
				]
			}
		},
		"s": {
			"0": 1,
			"1": 1,
			"2": 1,
			"3": 1,
			"4": 1,
			"5": 1,
			"6": 1,
			"7": 1,
			"8": 1,
			"9": 10,
			"10": 10,
			"11": 10,
			"12": 8,
			"13": 2,
			"14": 2,
			"15": 2,
			"16": 1,
			"17": 1,
			"18": 0,
			"19": 1,
			"20": 1,
			"21": 1,
			"22": 1,
			"23": 1,
			"24": 1,
			"25": 0,
			"26": 1,
			"27": 1,
			"28": 2,
			"29": 2,
			"30": 2,
			"31": 0,
			"32": 2,
			"33": 2,
			"34": 2,
			"35": 2,
			"36": 2,
			"37": 2,
			"38": 0,
			"39": 0,
			"40": 0,
			"41": 0,
			"42": 1
		},
		"f": { "0": 10, "1": 10, "2": 2, "3": 2 },
		"b": {
			"0": [8],
			"1": [10, 6],
			"2": [1],
			"3": [0],
			"4": [1, 0],
			"5": [0],
			"6": [2, 2, 2, 2],
			"7": [0, 0],
			"8": [0]
		}
	},
	"C:\\Users\\Benedict\\OneDrive\\Documents\\AltSchool Project Showcase\\server\\controllers\\Auth\\jwt-passport.ts": {
		"path": "C:\\Users\\Benedict\\OneDrive\\Documents\\AltSchool Project Showcase\\server\\controllers\\Auth\\jwt-passport.ts",
		"statementMap": {
			"0": {
				"start": { "line": 1, "column": 0 },
				"end": { "line": 1, "column": 36 }
			},
			"1": {
				"start": { "line": 3, "column": 0 },
				"end": { "line": 3, "column": 50 }
			},
			"2": {
				"start": { "line": 4, "column": 17 },
				"end": { "line": 4, "column": 36 }
			},
			"3": {
				"start": { "line": 5, "column": 20 },
				"end": { "line": 5, "column": 52 }
			},
			"4": {
				"start": { "line": 11, "column": 24 },
				"end": { "line": 17, "column": 1 }
			},
			"5": {
				"start": { "line": 12, "column": 13 },
				"end": { "line": 12, "column": 17 }
			},
			"6": {
				"start": { "line": 13, "column": 1 },
				"end": { "line": 15, "column": null }
			},
			"7": {
				"start": { "line": 14, "column": 2 },
				"end": { "line": 14, "column": 34 }
			},
			"8": {
				"start": { "line": 16, "column": 1 },
				"end": { "line": 16, "column": 14 }
			},
			"9": {
				"start": { "line": 19, "column": 0 },
				"end": { "line": 44, "column": 2 }
			},
			"10": {
				"start": { "line": 25, "column": 46 },
				"end": { "line": 42, "column": null }
			},
			"11": {
				"start": { "line": 27, "column": 3 },
				"end": { "line": 41, "column": null }
			},
			"12": {
				"start": { "line": 28, "column": 19 },
				"end": { "line": 28, "column": 30 }
			},
			"13": {
				"start": { "line": 30, "column": 17 },
				"end": { "line": 32, "column": 6 }
			},
			"14": {
				"start": { "line": 34, "column": 4 },
				"end": { "line": 38, "column": null }
			},
			"15": {
				"start": { "line": 35, "column": 5 },
				"end": { "line": 35, "column": 29 }
			},
			"16": {
				"start": { "line": 37, "column": 5 },
				"end": { "line": 37, "column": 49 }
			},
			"17": {
				"start": { "line": 40, "column": 4 },
				"end": { "line": 40, "column": 23 }
			}
		},
		"fnMap": {
			"0": {
				"name": "(anonymous_8)",
				"decl": {
					"start": { "line": 11, "column": 24 },
					"end": { "line": 11, "column": 25 }
				},
				"loc": {
					"start": { "line": 11, "column": 37 },
					"end": { "line": 17, "column": 1 }
				}
			},
			"1": {
				"name": "(anonymous_9)",
				"decl": {
					"start": { "line": 25, "column": 2 },
					"end": { "line": 25, "column": 9 }
				},
				"loc": {
					"start": { "line": 25, "column": 46 },
					"end": { "line": 42, "column": null }
				}
			},
			"2": {
				"name": "(anonymous_10)",
				"decl": {
					"start": { "line": 25, "column": 46 },
					"end": { "line": 25, "column": null }
				},
				"loc": {
					"start": { "line": 25, "column": 46 },
					"end": { "line": 42, "column": 3 }
				}
			}
		},
		"branchMap": {
			"0": {
				"loc": {
					"start": { "line": 13, "column": 1 },
					"end": { "line": 15, "column": null }
				},
				"type": "if",
				"locations": [
					{
						"start": { "line": 13, "column": 1 },
						"end": { "line": 15, "column": null }
					}
				]
			},
			"1": {
				"loc": {
					"start": { "line": 13, "column": 5 },
					"end": { "line": 13, "column": 23 }
				},
				"type": "binary-expr",
				"locations": [
					{
						"start": { "line": 13, "column": 5 },
						"end": { "line": 13, "column": 8 }
					},
					{
						"start": { "line": 13, "column": 12 },
						"end": { "line": 13, "column": 23 }
					}
				]
			},
			"2": {
				"loc": {
					"start": { "line": 34, "column": 4 },
					"end": { "line": 38, "column": null }
				},
				"type": "if",
				"locations": [
					{
						"start": { "line": 34, "column": 4 },
						"end": { "line": 38, "column": null }
					},
					{
						"start": { "line": 36, "column": 11 },
						"end": { "line": 38, "column": null }
					}
				]
			}
		},
		"s": {
			"0": 1,
			"1": 1,
			"2": 1,
			"3": 1,
			"4": 1,
			"5": 1,
			"6": 1,
			"7": 1,
			"8": 1,
			"9": 1,
			"10": 0,
			"11": 0,
			"12": 0,
			"13": 0,
			"14": 0,
			"15": 0,
			"16": 0,
			"17": 0
		},
		"f": { "0": 1, "1": 0, "2": 0 },
		"b": { "0": [1], "1": [1, 1], "2": [0, 0] }
	},
	"C:\\Users\\Benedict\\OneDrive\\Documents\\AltSchool Project Showcase\\server\\controllers\\Auth\\logout.ts": {
		"path": "C:\\Users\\Benedict\\OneDrive\\Documents\\AltSchool Project Showcase\\server\\controllers\\Auth\\logout.ts",
		"statementMap": {
			"0": {
				"start": { "line": 3, "column": 0 },
				"end": { "line": 3, "column": 55 }
			},
			"1": {
				"start": { "line": 4, "column": 0 },
				"end": { "line": 4, "column": 48 }
			},
			"2": {
				"start": { "line": 6, "column": 0 },
				"end": { "line": 14, "column": 2 }
			},
			"3": {
				"start": { "line": 7, "column": 1 },
				"end": { "line": 13, "column": 4 }
			},
			"4": {
				"start": { "line": 8, "column": 2 },
				"end": { "line": 8, "column": 73 }
			},
			"5": {
				"start": { "line": 8, "column": 11 },
				"end": { "line": 8, "column": 73 }
			},
			"6": {
				"start": { "line": 10, "column": 2 },
				"end": { "line": 10, "column": 30 }
			},
			"7": {
				"start": { "line": 12, "column": 2 },
				"end": { "line": 12, "column": 60 }
			}
		},
		"fnMap": {
			"0": {
				"name": "(anonymous_1)",
				"decl": {
					"start": { "line": 6, "column": 15 },
					"end": { "line": 6, "column": 16 }
				},
				"loc": {
					"start": { "line": 6, "column": 63 },
					"end": { "line": 14, "column": 1 }
				}
			},
			"1": {
				"name": "(anonymous_2)",
				"decl": {
					"start": { "line": 7, "column": 12 },
					"end": { "line": 7, "column": 13 }
				},
				"loc": {
					"start": { "line": 7, "column": 25 },
					"end": { "line": 13, "column": 2 }
				}
			}
		},
		"branchMap": {
			"0": {
				"loc": {
					"start": { "line": 8, "column": 2 },
					"end": { "line": 8, "column": 73 }
				},
				"type": "if",
				"locations": [
					{
						"start": { "line": 8, "column": 2 },
						"end": { "line": 8, "column": 73 }
					}
				]
			}
		},
		"s": { "0": 1, "1": 1, "2": 1, "3": 0, "4": 0, "5": 0, "6": 0, "7": 0 },
		"f": { "0": 0, "1": 0 },
		"b": { "0": [0] }
	},
	"C:\\Users\\Benedict\\OneDrive\\Documents\\AltSchool Project Showcase\\server\\middlewear\\CustomError.ts": {
		"path": "C:\\Users\\Benedict\\OneDrive\\Documents\\AltSchool Project Showcase\\server\\middlewear\\CustomError.ts",
		"statementMap": {
			"0": {
				"start": { "line": 4, "column": 2 },
				"end": { "line": 4, "column": 17 }
			},
			"1": {
				"start": { "line": 5, "column": 2 },
				"end": { "line": 5, "column": 19 }
			},
			"2": {
				"start": { "line": 9, "column": 0 },
				"end": { "line": 9, "column": 27 }
			}
		},
		"fnMap": {
			"0": {
				"name": "(anonymous_0)",
				"decl": {
					"start": { "line": 3, "column": 1 },
					"end": { "line": 3, "column": 13 }
				},
				"loc": {
					"start": { "line": 3, "column": 42 },
					"end": { "line": 6, "column": 2 }
				}
			}
		},
		"branchMap": {},
		"s": { "0": 10, "1": 10, "2": 1 },
		"f": { "0": 10 },
		"b": {}
	},
	"C:\\Users\\Benedict\\OneDrive\\Documents\\AltSchool Project Showcase\\server\\middlewear\\ErrorHandler.ts": {
		"path": "C:\\Users\\Benedict\\OneDrive\\Documents\\AltSchool Project Showcase\\server\\middlewear\\ErrorHandler.ts",
		"statementMap": {
			"0": {
				"start": { "line": 6, "column": 0 },
				"end": { "line": 6, "column": 40 }
			},
			"1": {
				"start": { "line": 7, "column": 0 },
				"end": { "line": 7, "column": 28 }
			},
			"2": {
				"start": { "line": 8, "column": 0 },
				"end": { "line": 8, "column": 16 }
			},
			"3": {
				"start": { "line": 10, "column": 21 },
				"end": { "line": 31, "column": 1 }
			},
			"4": {
				"start": { "line": 16, "column": 25 },
				"end": { "line": 16, "column": 28 }
			},
			"5": {
				"start": { "line": 19, "column": 1 },
				"end": { "line": 25, "column": null }
			},
			"6": {
				"start": { "line": 20, "column": 2 },
				"end": { "line": 24, "column": 5 }
			},
			"7": {
				"start": { "line": 26, "column": 1 },
				"end": { "line": 30, "column": 4 }
			},
			"8": {
				"start": { "line": 33, "column": 0 },
				"end": { "line": 33, "column": 28 }
			}
		},
		"fnMap": {
			"0": {
				"name": "(anonymous_1)",
				"decl": {
					"start": { "line": 10, "column": 21 },
					"end": { "line": 10, "column": null }
				},
				"loc": {
					"start": { "line": 15, "column": 4 },
					"end": { "line": 31, "column": 1 }
				}
			}
		},
		"branchMap": {
			"0": {
				"loc": {
					"start": { "line": 19, "column": 1 },
					"end": { "line": 25, "column": null }
				},
				"type": "if",
				"locations": [
					{
						"start": { "line": 19, "column": 1 },
						"end": { "line": 25, "column": null }
					}
				]
			},
			"1": {
				"loc": {
					"start": { "line": 23, "column": 10 },
					"end": { "line": 23, "column": 59 }
				},
				"type": "cond-expr",
				"locations": [
					{
						"start": { "line": 23, "column": 43 },
						"end": { "line": 23, "column": 52 }
					},
					{
						"start": { "line": 23, "column": 55 },
						"end": { "line": 23, "column": 59 }
					}
				]
			},
			"2": {
				"loc": {
					"start": { "line": 26, "column": 19 },
					"end": { "line": 26, "column": 30 }
				},
				"type": "binary-expr",
				"locations": [
					{
						"start": { "line": 26, "column": 19 },
						"end": { "line": 26, "column": 23 }
					},
					{
						"start": { "line": 26, "column": 27 },
						"end": { "line": 26, "column": 30 }
					}
				]
			},
			"3": {
				"loc": {
					"start": { "line": 28, "column": 11 },
					"end": { "line": 28, "column": 55 }
				},
				"type": "binary-expr",
				"locations": [
					{
						"start": { "line": 28, "column": 11 },
						"end": { "line": 28, "column": 18 }
					},
					{
						"start": { "line": 28, "column": 22 },
						"end": { "line": 28, "column": 55 }
					}
				]
			},
			"4": {
				"loc": {
					"start": { "line": 29, "column": 9 },
					"end": { "line": 29, "column": 58 }
				},
				"type": "cond-expr",
				"locations": [
					{
						"start": { "line": 29, "column": 42 },
						"end": { "line": 29, "column": 51 }
					},
					{
						"start": { "line": 29, "column": 54 },
						"end": { "line": 29, "column": 58 }
					}
				]
			}
		},
		"s": {
			"0": 1,
			"1": 1,
			"2": 1,
			"3": 1,
			"4": 10,
			"5": 10,
			"6": 0,
			"7": 10,
			"8": 1
		},
		"f": { "0": 10 },
		"b": { "0": [0], "1": [0, 0], "2": [10, 0], "3": [10, 0], "4": [0, 10] }
	},
	"C:\\Users\\Benedict\\OneDrive\\Documents\\AltSchool Project Showcase\\server\\middlewear\\isLoggedIn.ts": {
		"path": "C:\\Users\\Benedict\\OneDrive\\Documents\\AltSchool Project Showcase\\server\\middlewear\\isLoggedIn.ts",
		"statementMap": {
			"0": {
				"start": { "line": 3, "column": 0 },
				"end": { "line": 3, "column": 40 }
			},
			"1": {
				"start": { "line": 4, "column": 0 },
				"end": { "line": 4, "column": 71 }
			},
			"2": {
				"start": { "line": 6, "column": 17 },
				"end": { "line": 6, "column": 36 }
			},
			"3": {
				"start": { "line": 8, "column": 19 },
				"end": { "line": 47, "column": 1 }
			},
			"4": {
				"start": { "line": 9, "column": 1 },
				"end": { "line": 9, "column": 27 }
			},
			"5": {
				"start": { "line": 12, "column": 1 },
				"end": { "line": 46, "column": null }
			},
			"6": {
				"start": { "line": 13, "column": 2 },
				"end": { "line": 13, "column": 9 }
			},
			"7": {
				"start": { "line": 16, "column": 2 },
				"end": { "line": 45, "column": 20 }
			},
			"8": {
				"start": { "line": 20, "column": 4 },
				"end": { "line": 20, "column": 46 }
			},
			"9": {
				"start": { "line": 22, "column": 4 },
				"end": { "line": 29, "column": null }
			},
			"10": {
				"start": { "line": 24, "column": 5 },
				"end": { "line": 24, "column": 24 }
			},
			"11": {
				"start": { "line": 25, "column": 5 },
				"end": { "line": 28, "column": 7 }
			},
			"12": {
				"start": { "line": 31, "column": 4 },
				"end": { "line": 38, "column": null }
			},
			"13": {
				"start": { "line": 33, "column": 5 },
				"end": { "line": 33, "column": 46 }
			},
			"14": {
				"start": { "line": 34, "column": 5 },
				"end": { "line": 37, "column": 7 }
			},
			"15": {
				"start": { "line": 41, "column": 4 },
				"end": { "line": 41, "column": 20 }
			},
			"16": {
				"start": { "line": 42, "column": 4 },
				"end": { "line": 42, "column": 48 }
			},
			"17": {
				"start": { "line": 43, "column": 4 },
				"end": { "line": 43, "column": 11 }
			},
			"18": {
				"start": { "line": 49, "column": 0 },
				"end": { "line": 49, "column": 26 }
			}
		},
		"fnMap": {
			"0": {
				"name": "(anonymous_1)",
				"decl": {
					"start": { "line": 8, "column": 19 },
					"end": { "line": 8, "column": 20 }
				},
				"loc": {
					"start": { "line": 8, "column": 67 },
					"end": { "line": 47, "column": 1 }
				}
			},
			"1": {
				"name": "(anonymous_2)",
				"decl": {
					"start": { "line": 19, "column": 3 },
					"end": { "line": 19, "column": 4 }
				},
				"loc": {
					"start": { "line": 19, "column": 39 },
					"end": { "line": 44, "column": 4 }
				}
			}
		},
		"branchMap": {
			"0": {
				"loc": {
					"start": { "line": 12, "column": 1 },
					"end": { "line": 46, "column": null }
				},
				"type": "if",
				"locations": [
					{
						"start": { "line": 12, "column": 1 },
						"end": { "line": 46, "column": null }
					},
					{
						"start": { "line": 14, "column": 8 },
						"end": { "line": 46, "column": null }
					}
				]
			},
			"1": {
				"loc": {
					"start": { "line": 22, "column": 4 },
					"end": { "line": 29, "column": null }
				},
				"type": "if",
				"locations": [
					{
						"start": { "line": 22, "column": 4 },
						"end": { "line": 29, "column": null }
					}
				]
			},
			"2": {
				"loc": {
					"start": { "line": 31, "column": 4 },
					"end": { "line": 38, "column": null }
				},
				"type": "if",
				"locations": [
					{
						"start": { "line": 31, "column": 4 },
						"end": { "line": 38, "column": null }
					}
				]
			}
		},
		"s": {
			"0": 1,
			"1": 1,
			"2": 1,
			"3": 1,
			"4": 1,
			"5": 1,
			"6": 0,
			"7": 1,
			"8": 1,
			"9": 1,
			"10": 0,
			"11": 0,
			"12": 1,
			"13": 1,
			"14": 1,
			"15": 0,
			"16": 0,
			"17": 0,
			"18": 1
		},
		"f": { "0": 1, "1": 1 },
		"b": { "0": [0, 1], "1": [0], "2": [1] }
	},
	"C:\\Users\\Benedict\\OneDrive\\Documents\\AltSchool Project Showcase\\server\\middlewear\\wrapper.ts": {
		"path": "C:\\Users\\Benedict\\OneDrive\\Documents\\AltSchool Project Showcase\\server\\middlewear\\wrapper.ts",
		"statementMap": {
			"0": {
				"start": { "line": 3, "column": 16 },
				"end": { "line": 11, "column": 1 }
			},
			"1": {
				"start": { "line": 4, "column": 1 },
				"end": { "line": 10, "column": 3 }
			},
			"2": {
				"start": { "line": 4, "column": 66 },
				"end": { "line": 10, "column": 3 }
			},
			"3": {
				"start": { "line": 5, "column": 2 },
				"end": { "line": 9, "column": null }
			},
			"4": {
				"start": { "line": 6, "column": 3 },
				"end": { "line": 6, "column": 28 }
			},
			"5": {
				"start": { "line": 8, "column": 3 },
				"end": { "line": 8, "column": 15 }
			},
			"6": {
				"start": { "line": 13, "column": 0 },
				"end": { "line": 13, "column": 23 }
			}
		},
		"fnMap": {
			"0": {
				"name": "(anonymous_7)",
				"decl": {
					"start": { "line": 3, "column": 16 },
					"end": { "line": 3, "column": 17 }
				},
				"loc": {
					"start": { "line": 3, "column": 33 },
					"end": { "line": 11, "column": 1 }
				}
			},
			"1": {
				"name": "(anonymous_8)",
				"decl": {
					"start": { "line": 4, "column": 8 },
					"end": { "line": 4, "column": 15 }
				},
				"loc": {
					"start": { "line": 4, "column": 66 },
					"end": { "line": 10, "column": 3 }
				}
			},
			"2": {
				"name": "(anonymous_9)",
				"decl": {
					"start": { "line": 4, "column": 66 },
					"end": { "line": 4, "column": null }
				},
				"loc": {
					"start": { "line": 4, "column": 66 },
					"end": { "line": 10, "column": 2 }
				}
			}
		},
		"branchMap": {},
		"s": { "0": 1, "1": 4, "2": 12, "3": 12, "4": 12, "5": 9, "6": 1 },
		"f": { "0": 4, "1": 12, "2": 12 },
		"b": {}
	},
	"C:\\Users\\Benedict\\OneDrive\\Documents\\AltSchool Project Showcase\\server\\model\\auth.ts": {
		"path": "C:\\Users\\Benedict\\OneDrive\\Documents\\AltSchool Project Showcase\\server\\model\\auth.ts",
		"statementMap": {
			"0": {
				"start": { "line": 2, "column": 0 },
				"end": { "line": 2, "column": 26 }
			},
			"1": {
				"start": { "line": 12, "column": 24 },
				"end": { "line": 20, "column": 2 }
			},
			"2": {
				"start": { "line": 12, "column": 66 },
				"end": { "line": 20, "column": 2 }
			},
			"3": {
				"start": { "line": 13, "column": 14 },
				"end": { "line": 17, "column": 3 }
			},
			"4": {
				"start": { "line": 19, "column": 1 },
				"end": { "line": 19, "column": 13 }
			},
			"5": {
				"start": { "line": 12, "column": 13 },
				"end": { "line": 12, "column": 24 }
			}
		},
		"fnMap": {
			"0": {
				"name": "(anonymous_8)",
				"decl": {
					"start": { "line": 12, "column": 24 },
					"end": { "line": 12, "column": 31 }
				},
				"loc": {
					"start": { "line": 12, "column": 66 },
					"end": { "line": 20, "column": 2 }
				}
			},
			"1": {
				"name": "(anonymous_9)",
				"decl": {
					"start": { "line": 12, "column": 66 },
					"end": { "line": 12, "column": null }
				},
				"loc": {
					"start": { "line": 12, "column": 66 },
					"end": { "line": 20, "column": 1 }
				}
			}
		},
		"branchMap": {},
		"s": { "0": 1, "1": 1, "2": 2, "3": 2, "4": 2, "5": 1 },
		"f": { "0": 2, "1": 2 },
		"b": {}
	},
	"C:\\Users\\Benedict\\OneDrive\\Documents\\AltSchool Project Showcase\\server\\model\\db.ts": {
		"path": "C:\\Users\\Benedict\\OneDrive\\Documents\\AltSchool Project Showcase\\server\\model\\db.ts",
		"statementMap": {
			"0": {
				"start": { "line": 2, "column": 0 },
				"end": { "line": 2, "column": 46 }
			},
			"1": {
				"start": { "line": 3, "column": 0 },
				"end": { "line": 3, "column": 28 }
			},
			"2": {
				"start": { "line": 4, "column": 0 },
				"end": { "line": 4, "column": 16 }
			},
			"3": {
				"start": { "line": 8, "column": 0 },
				"end": { "line": 8, "column": 34 }
			},
			"4": {
				"start": { "line": 9, "column": 0 },
				"end": { "line": 23, "column": null }
			},
			"5": {
				"start": { "line": 10, "column": 1 },
				"end": { "line": 10, "column": 20 }
			},
			"6": {
				"start": { "line": 12, "column": 1 },
				"end": { "line": 18, "column": 4 }
			},
			"7": {
				"start": { "line": 20, "column": 1 },
				"end": { "line": 20, "column": 27 }
			},
			"8": {
				"start": { "line": 22, "column": 1 },
				"end": { "line": 22, "column": 29 }
			},
			"9": {
				"start": { "line": 25, "column": 0 },
				"end": { "line": 25, "column": 22 }
			}
		},
		"fnMap": {},
		"branchMap": {
			"0": {
				"loc": {
					"start": { "line": 9, "column": 0 },
					"end": { "line": 23, "column": null }
				},
				"type": "if",
				"locations": [
					{
						"start": { "line": 9, "column": 0 },
						"end": { "line": 23, "column": null }
					},
					{
						"start": { "line": 19, "column": 7 },
						"end": { "line": 23, "column": null }
					}
				]
			}
		},
		"s": {
			"0": 1,
			"1": 1,
			"2": 1,
			"3": 1,
			"4": 1,
			"5": 1,
			"6": 1,
			"7": 0,
			"8": 0,
			"9": 1
		},
		"f": {},
		"b": { "0": [1, 0] }
	},
	"C:\\Users\\Benedict\\OneDrive\\Documents\\AltSchool Project Showcase\\server\\routes\\Auth\\auth-route.ts": {
		"path": "C:\\Users\\Benedict\\OneDrive\\Documents\\AltSchool Project Showcase\\server\\routes\\Auth\\auth-route.ts",
		"statementMap": {
			"0": {
				"start": { "line": 2, "column": 0 },
				"end": { "line": 2, "column": 47 }
			},
			"1": {
				"start": { "line": 4, "column": 0 },
				"end": { "line": 4, "column": 53 }
			},
			"2": {
				"start": { "line": 5, "column": 0 },
				"end": { "line": 5, "column": 48 }
			},
			"3": {
				"start": { "line": 6, "column": 0 },
				"end": { "line": 6, "column": 51 }
			},
			"4": {
				"start": { "line": 8, "column": 0 },
				"end": { "line": 8, "column": 27 }
			},
			"5": {
				"start": { "line": 10, "column": 16 },
				"end": { "line": 10, "column": 34 }
			},
			"6": {
				"start": { "line": 11, "column": 15 },
				"end": { "line": 11, "column": 31 }
			},
			"7": {
				"start": { "line": 13, "column": 0 },
				"end": { "line": 21, "column": 2 }
			},
			"8": {
				"start": { "line": 16, "column": 43 },
				"end": { "line": 20, "column": 3 }
			},
			"9": {
				"start": { "line": 18, "column": 13 },
				"end": { "line": 18, "column": 21 }
			},
			"10": {
				"start": { "line": 19, "column": 2 },
				"end": { "line": 19, "column": 40 }
			},
			"11": {
				"start": { "line": 23, "column": 0 },
				"end": { "line": 23, "column": 51 }
			},
			"12": {
				"start": { "line": 25, "column": 0 },
				"end": { "line": 25, "column": 22 }
			}
		},
		"fnMap": {
			"0": {
				"name": "(anonymous_8)",
				"decl": {
					"start": { "line": 16, "column": 9 },
					"end": { "line": 16, "column": 16 }
				},
				"loc": {
					"start": { "line": 16, "column": 43 },
					"end": { "line": 20, "column": 3 }
				}
			},
			"1": {
				"name": "(anonymous_9)",
				"decl": {
					"start": { "line": 16, "column": 43 },
					"end": { "line": 16, "column": null }
				},
				"loc": {
					"start": { "line": 16, "column": 43 },
					"end": { "line": 20, "column": 2 }
				}
			}
		},
		"branchMap": {},
		"s": {
			"0": 1,
			"1": 1,
			"2": 1,
			"3": 1,
			"4": 1,
			"5": 1,
			"6": 1,
			"7": 1,
			"8": 0,
			"9": 0,
			"10": 0,
			"11": 1,
			"12": 1
		},
		"f": { "0": 0, "1": 0 },
		"b": {}
	},
	"C:\\Users\\Benedict\\OneDrive\\Documents\\AltSchool Project Showcase\\server\\routes\\Auth\\github-route.ts": {
		"path": "C:\\Users\\Benedict\\OneDrive\\Documents\\AltSchool Project Showcase\\server\\routes\\Auth\\github-route.ts",
		"statementMap": {
			"0": {
				"start": { "line": 4, "column": 16 },
				"end": { "line": 4, "column": 34 }
			},
			"1": {
				"start": { "line": 5, "column": 21 },
				"end": { "line": 5, "column": 37 }
			},
			"2": {
				"start": { "line": 6, "column": 17 },
				"end": { "line": 6, "column": 36 }
			},
			"3": {
				"start": { "line": 8, "column": 0 },
				"end": { "line": 11, "column": 2 }
			},
			"4": {
				"start": { "line": 13, "column": 0 },
				"end": { "line": 22, "column": 2 }
			},
			"5": {
				"start": { "line": 20, "column": 2 },
				"end": { "line": 20, "column": 64 }
			},
			"6": {
				"start": { "line": 24, "column": 0 },
				"end": { "line": 24, "column": 28 }
			}
		},
		"fnMap": {
			"0": {
				"name": "(anonymous_0)",
				"decl": {
					"start": { "line": 18, "column": 1 },
					"end": { "line": 18, "column": 11 }
				},
				"loc": {
					"start": { "line": 18, "column": 34 },
					"end": { "line": 21, "column": 2 }
				}
			}
		},
		"branchMap": {
			"0": {
				"loc": {
					"start": { "line": 16, "column": 19 },
					"end": { "line": 16, "column": 54 }
				},
				"type": "binary-expr",
				"locations": [
					{
						"start": { "line": 16, "column": 19 },
						"end": { "line": 16, "column": 47 }
					},
					{
						"start": { "line": 16, "column": 51 },
						"end": { "line": 16, "column": 54 }
					}
				]
			}
		},
		"s": { "0": 1, "1": 1, "2": 1, "3": 1, "4": 1, "5": 0, "6": 1 },
		"f": { "0": 0 },
		"b": { "0": [1, 1] }
	},
	"C:\\Users\\Benedict\\OneDrive\\Documents\\AltSchool Project Showcase\\server\\routes\\Auth\\google-route.ts": {
		"path": "C:\\Users\\Benedict\\OneDrive\\Documents\\AltSchool Project Showcase\\server\\routes\\Auth\\google-route.ts",
		"statementMap": {
			"0": {
				"start": { "line": 3, "column": 0 },
				"end": { "line": 3, "column": 27 }
			},
			"1": {
				"start": { "line": 5, "column": 17 },
				"end": { "line": 5, "column": 36 }
			},
			"2": {
				"start": { "line": 6, "column": 16 },
				"end": { "line": 6, "column": 34 }
			},
			"3": {
				"start": { "line": 7, "column": 21 },
				"end": { "line": 7, "column": 37 }
			},
			"4": {
				"start": { "line": 9, "column": 0 },
				"end": { "line": 12, "column": 2 }
			},
			"5": {
				"start": { "line": 14, "column": 0 },
				"end": { "line": 23, "column": 2 }
			},
			"6": {
				"start": { "line": 21, "column": 2 },
				"end": { "line": 21, "column": 64 }
			},
			"7": {
				"start": { "line": 25, "column": 0 },
				"end": { "line": 25, "column": 28 }
			}
		},
		"fnMap": {
			"0": {
				"name": "(anonymous_0)",
				"decl": {
					"start": { "line": 19, "column": 1 },
					"end": { "line": 19, "column": 11 }
				},
				"loc": {
					"start": { "line": 19, "column": 38 },
					"end": { "line": 22, "column": 2 }
				}
			}
		},
		"branchMap": {
			"0": {
				"loc": {
					"start": { "line": 17, "column": 19 },
					"end": { "line": 17, "column": 54 }
				},
				"type": "binary-expr",
				"locations": [
					{
						"start": { "line": 17, "column": 19 },
						"end": { "line": 17, "column": 47 }
					},
					{
						"start": { "line": 17, "column": 51 },
						"end": { "line": 17, "column": 54 }
					}
				]
			}
		},
		"s": { "0": 1, "1": 1, "2": 1, "3": 1, "4": 1, "5": 1, "6": 0, "7": 1 },
		"f": { "0": 0 },
		"b": { "0": [1, 1] }
	},
	"C:\\Users\\Benedict\\OneDrive\\Documents\\AltSchool Project Showcase\\server\\routes\\Auth\\jwt-route.ts": {
		"path": "C:\\Users\\Benedict\\OneDrive\\Documents\\AltSchool Project Showcase\\server\\routes\\Auth\\jwt-route.ts",
		"statementMap": {
			"0": {
				"start": { "line": 3, "column": 0 },
				"end": { "line": 3, "column": 47 }
			},
			"1": {
				"start": { "line": 4, "column": 0 },
				"end": { "line": 4, "column": 78 }
			},
			"2": {
				"start": { "line": 6, "column": 16 },
				"end": { "line": 6, "column": 34 }
			},
			"3": {
				"start": { "line": 7, "column": 18 },
				"end": { "line": 7, "column": 34 }
			},
			"4": {
				"start": { "line": 8, "column": 17 },
				"end": { "line": 8, "column": 36 }
			},
			"5": {
				"start": { "line": 10, "column": 0 },
				"end": { "line": 16, "column": 2 }
			},
			"6": {
				"start": { "line": 14, "column": 2 },
				"end": { "line": 14, "column": 57 }
			},
			"7": {
				"start": { "line": 18, "column": 0 },
				"end": { "line": 18, "column": 44 }
			},
			"8": {
				"start": { "line": 20, "column": 0 },
				"end": { "line": 20, "column": 50 }
			},
			"9": {
				"start": { "line": 22, "column": 0 },
				"end": { "line": 31, "column": 2 }
			},
			"10": {
				"start": { "line": 29, "column": 2 },
				"end": { "line": 29, "column": 64 }
			},
			"11": {
				"start": { "line": 33, "column": 0 },
				"end": { "line": 33, "column": 25 }
			}
		},
		"fnMap": {
			"0": {
				"name": "(anonymous_1)",
				"decl": {
					"start": { "line": 13, "column": 1 },
					"end": { "line": 13, "column": 2 }
				},
				"loc": {
					"start": { "line": 13, "column": 29 },
					"end": { "line": 15, "column": 2 }
				}
			},
			"1": {
				"name": "(anonymous_2)",
				"decl": {
					"start": { "line": 27, "column": 1 },
					"end": { "line": 27, "column": 11 }
				},
				"loc": {
					"start": { "line": 27, "column": 34 },
					"end": { "line": 30, "column": 2 }
				}
			}
		},
		"branchMap": {
			"0": {
				"loc": {
					"start": { "line": 25, "column": 19 },
					"end": { "line": 25, "column": 54 }
				},
				"type": "binary-expr",
				"locations": [
					{
						"start": { "line": 25, "column": 19 },
						"end": { "line": 25, "column": 47 }
					},
					{
						"start": { "line": 25, "column": 51 },
						"end": { "line": 25, "column": 54 }
					}
				]
			}
		},
		"s": {
			"0": 1,
			"1": 1,
			"2": 1,
			"3": 1,
			"4": 1,
			"5": 1,
			"6": 0,
			"7": 1,
			"8": 1,
			"9": 1,
			"10": 0,
			"11": 1
		},
		"f": { "0": 0, "1": 0 },
		"b": { "0": [1, 1] }
	}
}
