TN:
SF:index.ts
FN:19,(anonymous_1)
FNF:1
FNH:1
FNDA:1,(anonymous_1)
DA:1,1
DA:2,1
DA:3,1
DA:4,1
DA:5,1
DA:6,1
DA:7,1
DA:10,1
DA:11,1
DA:12,1
DA:13,1
DA:14,1
DA:15,1
DA:17,1
DA:19,1
DA:22,1
DA:23,1
DA:35,1
DA:36,1
DA:42,1
DA:43,1
DA:44,1
DA:46,1
DA:47,1
DA:48,1
DA:51,1
DA:52,1
DA:54,1
DA:55,1
DA:56,1
DA:58,1
DA:60,1
DA:61,1
DA:64,1
LF:34
LH:34
BRF:0
BRH:0
end_of_record
TN:
SF:controllers\Auth\github-passport.ts
FN:8,(anonymous_8)
FN:13,(anonymous_9)
FN:13,(anonymous_10)
FN:37,(anonymous_11)
FNF:4
FNH:0
FNDA:0,(anonymous_8)
FNDA:0,(anonymous_9)
FNDA:0,(anonymous_10)
FNDA:0,(anonymous_11)
DA:2,1
DA:4,1
DA:5,1
DA:8,1
DA:9,0
DA:13,1
DA:14,0
DA:15,0
DA:18,0
DA:19,0
DA:22,0
DA:24,0
DA:25,0
DA:29,1
DA:43,0
DA:44,0
DA:45,0
DA:46,0
DA:50,0
DA:56,0
DA:57,0
DA:58,0
DA:69,0
DA:70,0
DA:81,0
LF:25
LH:6
BRDA:18,0,0,0
BRDA:45,1,0,0
BRDA:56,2,0,0
BRDA:56,2,1,0
BRDA:73,3,0,0
BRDA:73,3,1,0
BRF:6
BRH:0
end_of_record
TN:
SF:controllers\Auth\google-passport.ts
FN:6,(anonymous_8)
FN:11,(anonymous_9)
FN:11,(anonymous_10)
FN:35,(anonymous_11)
FN:40,(anonymous_12)
FNF:5
FNH:0
FNDA:0,(anonymous_8)
FNDA:0,(anonymous_9)
FNDA:0,(anonymous_10)
FNDA:0,(anonymous_11)
FNDA:0,(anonymous_12)
DA:1,1
DA:3,1
DA:4,1
DA:6,1
DA:7,0
DA:11,1
DA:12,0
DA:13,0
DA:17,0
DA:18,0
DA:22,0
DA:24,0
DA:28,1
DA:40,0
DA:43,0
DA:44,0
DA:47,0
DA:53,0
DA:54,0
DA:55,0
DA:64,0
DA:68,0
DA:69,0
DA:82,0
LF:24
LH:6
BRDA:17,0,0,0
BRDA:53,1,0,0
BRF:2
BRH:0
end_of_record
TN:
SF:controllers\Auth\jwt-controller.ts
FN:13,(anonymous_8)
FN:13,(anonymous_9)
FN:64,(anonymous_10)
FN:64,(anonymous_11)
FNF:4
FNH:4
FNDA:10,(anonymous_8)
FNDA:10,(anonymous_9)
FNDA:2,(anonymous_10)
FNDA:2,(anonymous_11)
DA:1,1
DA:2,1
DA:5,1
DA:6,1
DA:7,1
DA:8,1
DA:10,1
DA:11,1
DA:13,10
DA:14,10
DA:16,10
DA:17,8
DA:22,2
DA:23,2
DA:27,2
DA:28,1
DA:31,1
DA:32,0
DA:37,1
DA:38,1
DA:42,1
DA:43,1
DA:44,1
DA:45,1
DA:57,0
DA:64,2
DA:65,2
DA:66,2
DA:67,0
DA:73,2
DA:74,2
DA:75,2
DA:77,2
DA:86,2
DA:88,2
DA:101,0
DA:103,0
DA:104,0
DA:110,0
LF:39
LH:32
BRDA:16,0,0,8
BRDA:16,1,0,10
BRDA:16,1,1,6
BRDA:27,2,0,1
BRDA:31,3,0,0
BRDA:42,4,0,1
BRDA:42,4,1,0
BRDA:66,5,0,0
BRDA:66,6,0,2
BRDA:66,6,1,2
BRDA:66,6,2,2
BRDA:66,6,3,2
BRDA:101,7,0,0
BRDA:101,7,1,0
BRDA:103,8,0,0
BRF:15
BRH:9
end_of_record
TN:
SF:controllers\Auth\jwt-passport.ts
FN:11,(anonymous_8)
FN:25,(anonymous_9)
FN:25,(anonymous_10)
FNF:3
FNH:1
FNDA:1,(anonymous_8)
FNDA:0,(anonymous_9)
FNDA:0,(anonymous_10)
DA:1,1
DA:3,1
DA:4,1
DA:5,1
DA:11,1
DA:12,1
DA:13,1
DA:14,1
DA:16,1
DA:19,1
DA:25,0
DA:27,0
DA:28,0
DA:30,0
DA:34,0
DA:35,0
DA:37,0
DA:40,0
LF:18
LH:10
BRDA:13,0,0,1
BRDA:13,1,0,1
BRDA:13,1,1,1
BRDA:34,2,0,0
BRDA:34,2,1,0
BRF:5
BRH:3
end_of_record
TN:
SF:controllers\Auth\logout.ts
FN:6,(anonymous_1)
FN:7,(anonymous_2)
FNF:2
FNH:0
FNDA:0,(anonymous_1)
FNDA:0,(anonymous_2)
DA:3,1
DA:4,1
DA:6,1
DA:7,0
DA:8,0
DA:10,0
DA:12,0
LF:7
LH:3
BRDA:8,0,0,0
BRF:1
BRH:0
end_of_record
TN:
SF:middlewear\CustomError.ts
FN:3,(anonymous_0)
FNF:1
FNH:1
FNDA:10,(anonymous_0)
DA:4,10
DA:5,10
DA:9,1
LF:3
LH:3
BRF:0
BRH:0
end_of_record
TN:
SF:middlewear\ErrorHandler.ts
FN:10,(anonymous_1)
FNF:1
FNH:1
FNDA:10,(anonymous_1)
DA:6,1
DA:7,1
DA:8,1
DA:10,1
DA:16,10
DA:19,10
DA:20,0
DA:26,10
DA:33,1
LF:9
LH:8
BRDA:19,0,0,0
BRDA:23,1,0,0
BRDA:23,1,1,0
BRDA:26,2,0,10
BRDA:26,2,1,0
BRDA:28,3,0,10
BRDA:28,3,1,0
BRDA:29,4,0,0
BRDA:29,4,1,10
BRF:9
BRH:3
end_of_record
TN:
SF:middlewear\isLoggedIn.ts
FN:8,(anonymous_1)
FN:19,(anonymous_2)
FNF:2
FNH:2
FNDA:1,(anonymous_1)
FNDA:1,(anonymous_2)
DA:3,1
DA:4,1
DA:6,1
DA:8,1
DA:9,1
DA:12,1
DA:13,0
DA:16,1
DA:20,1
DA:22,1
DA:24,0
DA:25,0
DA:31,1
DA:33,1
DA:34,1
DA:41,0
DA:42,0
DA:43,0
DA:49,1
LF:19
LH:13
BRDA:12,0,0,0
BRDA:12,0,1,1
BRDA:22,1,0,0
BRDA:31,2,0,1
BRF:4
BRH:2
end_of_record
TN:
SF:middlewear\wrapper.ts
FN:3,(anonymous_7)
FN:4,(anonymous_8)
FN:4,(anonymous_9)
FNF:3
FNH:3
FNDA:4,(anonymous_7)
FNDA:12,(anonymous_8)
FNDA:12,(anonymous_9)
DA:3,1
DA:4,12
DA:5,12
DA:6,12
DA:8,9
DA:13,1
LF:6
LH:6
BRF:0
BRH:0
end_of_record
TN:
SF:model\auth.ts
FN:12,(anonymous_8)
FN:12,(anonymous_9)
FNF:2
FNH:2
FNDA:2,(anonymous_8)
FNDA:2,(anonymous_9)
DA:2,1
DA:12,2
DA:13,2
DA:19,2
LF:4
LH:4
BRF:0
BRH:0
end_of_record
TN:
SF:model\db.ts
FNF:0
FNH:0
DA:2,1
DA:3,1
DA:4,1
DA:8,1
DA:9,1
DA:10,1
DA:12,1
DA:20,0
DA:22,0
DA:25,1
LF:10
LH:8
BRDA:9,0,0,1
BRDA:9,0,1,0
BRF:2
BRH:1
end_of_record
TN:
SF:routes\Auth\auth-route.ts
FN:16,(anonymous_8)
FN:16,(anonymous_9)
FNF:2
FNH:0
FNDA:0,(anonymous_8)
FNDA:0,(anonymous_9)
DA:2,1
DA:4,1
DA:5,1
DA:6,1
DA:8,1
DA:10,1
DA:11,1
DA:13,1
DA:16,0
DA:18,0
DA:19,0
DA:23,1
DA:25,1
LF:13
LH:10
BRF:0
BRH:0
end_of_record
TN:
SF:routes\Auth\github-route.ts
FN:18,(anonymous_0)
FNF:1
FNH:0
FNDA:0,(anonymous_0)
DA:4,1
DA:5,1
DA:6,1
DA:8,1
DA:13,1
DA:20,0
DA:24,1
LF:7
LH:6
BRDA:16,0,0,1
BRDA:16,0,1,1
BRF:2
BRH:2
end_of_record
TN:
SF:routes\Auth\google-route.ts
FN:19,(anonymous_0)
FNF:1
FNH:0
FNDA:0,(anonymous_0)
DA:3,1
DA:5,1
DA:6,1
DA:7,1
DA:9,1
DA:14,1
DA:21,0
DA:25,1
LF:8
LH:7
BRDA:17,0,0,1
BRDA:17,0,1,1
BRF:2
BRH:2
end_of_record
TN:
SF:routes\Auth\jwt-route.ts
FN:13,(anonymous_1)
FN:27,(anonymous_2)
FNF:2
FNH:0
FNDA:0,(anonymous_1)
FNDA:0,(anonymous_2)
DA:3,1
DA:4,1
DA:6,1
DA:7,1
DA:8,1
DA:10,1
DA:14,0
DA:18,1
DA:20,1
DA:22,1
DA:29,0
DA:33,1
LF:12
LH:10
BRDA:25,0,0,1
BRDA:25,0,1,1
BRF:2
BRH:2
end_of_record
